<?xml version="1.0" encoding="UTF-8"?>
<testng-results skipped="0" failed="0" ignored="0" total="2" passed="2">
  <reporter-output>
  </reporter-output>
  <suite name="Default suite" duration-ms="56801" started-at="2022-01-12T15:55:27 IST" finished-at="2022-01-12T15:56:23 IST">
    <groups>
      <group name="cucumber">
        <method signature="AbstractTestNGCucumberTests.runScenario(io.cucumber.testng.PickleWrapper,io.cucumber.testng.FeatureWrapper)[pri:0, instance:RunTest@37d31475]" name="runScenario" class="io.cucumber.testng.AbstractTestNGCucumberTests"/>
      </group> <!-- cucumber -->
    </groups>
    <test name="Default test" duration-ms="56801" started-at="2022-01-12T15:55:27 IST" finished-at="2022-01-12T15:56:23 IST">
      <class name="RunTest">
        <test-method status="PASS" signature="setUpClass()[pri:0, instance:RunTest@37d31475]" name="setUpClass" is-config="true" duration-ms="341" started-at="2022-01-12T15:55:27 IST" finished-at="2022-01-12T15:55:27 IST">
          <reporter-output>
          </reporter-output>
        </test-method> <!-- setUpClass -->
        <test-method status="PASS" signature="runScenario(io.cucumber.testng.PickleWrapper,io.cucumber.testng.FeatureWrapper)[pri:0, instance:RunTest@37d31475]" name="runScenario" duration-ms="43403" started-at="2022-01-12T15:55:27 IST" description="Runs Cucumber Scenarios" data-provider="scenarios" finished-at="2022-01-12T15:56:10 IST">
          <params>
            <param index="0">
              <value>
                <![CDATA["Automation Practice Login test"]]>
              </value>
            </param>
            <param index="1">
              <value>
                <![CDATA["Optional[Test Automation Practice Login]"]]>
              </value>
            </param>
          </params>
          <reporter-output>
          </reporter-output>
        </test-method> <!-- runScenario -->
        <test-method status="PASS" signature="runScenario(io.cucumber.testng.PickleWrapper,io.cucumber.testng.FeatureWrapper)[pri:0, instance:RunTest@37d31475]" name="runScenario" duration-ms="12943" started-at="2022-01-12T15:56:10 IST" description="Runs Cucumber Scenarios" data-provider="scenarios" finished-at="2022-01-12T15:56:23 IST">
          <params>
            <param index="0">
              <value>
                <![CDATA["Automation Practice Login test1"]]>
              </value>
            </param>
            <param index="1">
              <value>
                <![CDATA["Optional[Test Automation Practice Login]"]]>
              </value>
            </param>
          </params>
          <reporter-output>
          </reporter-output>
        </test-method> <!-- runScenario -->
        <test-method status="PASS" signature="tearDownClass()[pri:0, instance:RunTest@37d31475]" name="tearDownClass" is-config="true" duration-ms="80" started-at="2022-01-12T15:56:23 IST" finished-at="2022-01-12T15:56:23 IST">
          <reporter-output>
          </reporter-output>
        </test-method> <!-- tearDownClass -->
      </class> <!-- RunTest -->
    </test> <!-- Default test -->
  </suite> <!-- Default suite -->
</testng-results>
