<?xml version="1.0" encoding="UTF-8"?>
<!-- Generated by org.testng.reporters.JUnitXMLReporter -->
<testsuite hostname="SivaKrishnan-Home" ignored="0" name="Default test" tests="2" failures="0" timestamp="2022-01-12T15:56:23 IST" time="56.801" errors="0">
  <testcase name="runScenario" time="43.403" classname="io.cucumber.testng.AbstractTestNGCucumberTests"/>
  <testcase name="runScenario" time="12.943" classname="io.cucumber.testng.AbstractTestNGCucumberTests"/>
</testsuite> <!-- Default test -->
